Arguments: 
  C:\Program Files\nodejs\node.exe F:\PROFE_SOFTWARE\nodejs\node_global\node_modules\yarn\bin\yarn.js run dev

PATH: 
  F:\PROFE_SOFTWARE\cmder\bin;F:\PROFE_SOFTWARE\cmder\vendor\bin;D:\Google_DOWNLOAD\Oracle\WINDOWS.X64_180000_db_home\bin;C:\WINDOWS\system32;C:\WINDOWS;C:\WINDOWS\System32\Wbem;C:\WINDOWS\System32\WindowsPowerShell\v1.0\;C:\WINDOWS\System32\OpenSSH\;C:\Program Files (x86)\NVIDIA Corporation\PhysX\Common;F:\JAVA_RUNTIME\SDK\sdk-tools-windows-4333796\tools;F:\JAVA_RUNTIME\SDK\sdk-tools-windows-4333796\platform-tools;F:\JAVA_RUNTIME\TOMCAT\apache-tomcat-9.0.14\lib;F:\JAVA_RUNTIME\TOMCAT\apache-tomcat-9.0.14\bin;C:\Program Files\dotnet\;F:\PROFE_SOFTWARE\Git\Git\cmd;F:\JAVA_RUNTIME\JDK\bin;F:\JAVA_RUNTIME\JDK\jre\bin;F:\PROFE_SOFTWARE\nodejs\node_global;C:\Program Files\nodejs\;C:\Program Files\LLVM\bin;F:\JAVA_RUNTIME\spring\spring-2.1.3.RELEASE\bin;F:\PROFE_SOFTWARE\cmder;C:\MinGW\bin;C:\WINDOWS\system32;C:\WINDOWS;C:\WINDOWS\System32\Wbem;C:\WINDOWS\System32\WindowsPowerShell\v1.0\;C:\WINDOWS\System32\OpenSSH\;C:\Program Files (x86)\Calibre2\;F:\JAVA_RUNTIME\apache-maven\apache-maven-3.6.1\bin;F:\JAVA_RUNTIME\apache-maven\apache-maven-3.5.4\bin;F:\JAVA_RUNTIME\ANDROID\gradle-4.10.3\bin;C:\Program Files\Calibre2\;C:\Users\zmy\AppData\Local\Microsoft\WindowsApps;F:\COMMON_SOFTWARE\Bandizip\;C:\Users\zmy\AppData\Roaming\npm;F:\PROFE_SOFTWARE\vscode\Microsoft VS Code\bin;F:\PROFE_SOFTWARE\Git\Git\cmd;F:\PROFE_SOFTWARE\Git\Git\mingw64\bin;F:\PROFE_SOFTWARE\Git\Git\usr\bin;F:\PROFE_SOFTWARE\cmder

Yarn version: 
  1.16.0

Node version: 
  10.15.3

Platform: 
  win32 x64

Trace: 
  Error: EISDIR: illegal operation on a directory, read

npm manifest: 
  {
    "name": "vueadmin",
    "version": "1.0.5",
    "description": "vue admin project",
    "author": "taylor <709161610@qq.com>",
    "license": "MIT",
    "scripts": {
      "dev": "node build/dev-server.js",
      "start": "node build/dev-server.js",
      "build": "node build/build.js"
    },
    "dependencies": {
      "axios": "^0.15.3",
      "echarts": "^3.3.2",
      "element-ui": "^1.2.8",
      "font-awesome": "^4.7.0",
      "nprogress": "^0.2.0",
      "vue": "^2.2.2",
      "vue-router": "^2.3.0",
      "vuex": "^2.0.0-rc.6"
    },
    "devDependencies": {
      "autoprefixer": "^6.7.2",
      "axios-mock-adapter": "^1.7.1",
      "babel-core": "^6.22.1",
      "babel-loader": "^6.2.10",
      "babel-plugin-transform-runtime": "^6.22.0",
      "babel-preset-env": "^1.2.1",
      "babel-polyfill": "^6.16.0",
      "babel-preset-es2015": "^6.0.0",
      "babel-preset-stage-2": "^6.22.0",
      "babel-register": "^6.22.0",
      "chalk": "^1.1.3",
      "connect-history-api-fallback": "^1.3.0",
      "copy-webpack-plugin": "^4.0.1",
      "css-loader": "^0.26.1",
      "eventsource-polyfill": "^0.9.6",
      "express": "^4.14.1",
      "extract-text-webpack-plugin": "^2.0.0",
      "file-loader": "^0.10.0",
      "friendly-errors-webpack-plugin": "^1.1.3",
      "function-bind": "^1.0.2",
      "html-webpack-plugin": "^2.28.0",
      "http-proxy-middleware": "^0.17.3",
      "webpack-bundle-analyzer": "^2.2.1",
      "json-loader": "^0.5.4",
      "mockjs": "^1.0.1-beta3",
      "node-sass": "^4.5.0",
      "opn": "^4.0.2",
      "optimize-css-assets-webpack-plugin": "^1.3.0",
      "ora": "^1.0.0",
      "rimraf": "^2.6.0",
      "sass-loader": "^6.0.0",
      "semver": "^5.3.0",
      "shelljs": "^0.7.6",
      "url-loader": "^0.5.8",
      "vue-loader": "^11.1.4",
      "vue-style-loader": "^2.0.0",
      "vue-template-compiler": "^2.2.4",
      "webpack": "^2.2.1",
      "webpack-dev-middleware": "^1.10.0",
      "webpack-hot-middleware": "^2.16.1",
      "webpack-merge": "^2.6.1"
    },
    "engines": {
      "node": ">= 4.0.0",
      "npm": ">= 3.0.0"
    },
    "browserslist": [
      "> 1%",
      "last 2 versions",
      "not ie <= 8"
    ]
  }

yarn manifest: 
  No manifest

Lockfile: 
  No lockfile
